<?xml version="1.0" encoding="UTF-8"?>
<!-- Generated by org.testng.reporters.JUnitReportReporter -->
<testsuite skipped="0" hostname="DESKTOP-HKSVPFN" name="driverTest.SampleProject" tests="1" failures="0" timestamp="16 Jan 2019 01:07:26 GMT" time="10.291" errors="0">
  <testcase name="setup" time="10.291" classname="driverTest.SampleProject"/>
</testsuite> <!-- driverTest.SampleProject -->
