<?xml version="1.0" encoding="UTF-8"?>
<!-- Generated by org.testng.reporters.JUnitReportReporter -->
<testsuite skipped="0" hostname="DESKTOP-HKSVPFN" name="driverTest.HeadLessBrowser" tests="1" failures="0" timestamp="16 Jan 2019 01:40:22 GMT" time="9.118" errors="0">
  <testcase name="setup" time="9.118" classname="driverTest.HeadLessBrowser"/>
</testsuite> <!-- driverTest.HeadLessBrowser -->
